"../../../Engine/Content/Animation/DefaultAnimBoneCompressionSettings.uasset" 0
"../../../Engine/Content/Animation/DefaultAnimCurveCompressionSettings.uasset" 1
"../../../Engine/Content/ArtTools/RenderToTexture/Enums/RenderToTexture_Enum.uasset" 2
"../../../Engine/Content/ArtTools/RenderToTexture/Enums/RenderToTexture_Flipbook_Enum.uasset" 3
"../../../Engine/Content/ArtTools/RenderToTexture/Enums/RenderToTexture_Imposter_Enum.uasset" 4
"../../../Engine/Content/EditorBlueprintResources/StandardMacros.uasset" 5
"../../../Engine/Content/ArtTools/RenderToTexture/Enums/EIntTypes.uasset" 6
"../../../Engine/Content/ArtTools/RenderToTexture/Macros/RenderToTextureFunctionLibrary.uasset" 7
"../../../Engine/Content/ArtTools/RenderToTexture/Enums/EFloatTypes.uasset" 8
"../../../Engine/Content/ArtTools/RenderToTexture/Macros/RenderToTextureMacros.uasset" 9
"../../../Engine/Content/Functions/Engine_MaterialFunctions01/Opacity/CameraDepthFade.uasset" 10
"../../../Engine/Content/EngineMaterials/T_Default_Material_Grid_M.uasset" 11
"../../../Engine/Content/EngineMaterials/T_Default_Material_Grid_N.uasset" 12
"../../../Engine/Content/EngineMaterials/WorldGridMaterial.uasset" 13
"../../../Engine/Content/ArtTools/RenderToTexture/Meshes/S_1_Unit_Plane.uasset" 14
"../../../Engine/Content/EngineMaterials/DefaultMaterial.uasset" 15
"../../../Engine/Content/BasicShapes/Cone.uasset" 16
"../../../Engine/Content/BasicShapes/Cube.uasset" 17
"../../../Engine/Content/BasicShapes/Cylinder.uasset" 18
"../../../Engine/Content/BasicShapes/Sphere.uasset" 19
"../../../Engine/Content/EngineMaterials/DefaultPhysicalMaterial.uasset" 20
"../../../Engine/Content/BufferVisualization/AmbientOcclusion.uasset" 21
"../../../Engine/Content/BufferVisualization/BaseColor.uasset" 22
"../../../Engine/Content/BufferVisualization/CustomDepth.uasset" 23
"../../../Engine/Content/Functions/Engine_MaterialFunctions02/Utility/VectorLength.uasset" 24
"../../../Engine/Content/BufferVisualization/CustomDepthWorldUnits.uasset" 25
"../../../Engine/Content/Functions/Engine_MaterialFunctions02/Utility/BreakOutFloat2Components.uasset" 26
"../../../Engine/Content/Functions/Engine_MaterialFunctions01/Texturing/ScaleUVsByCenter.uasset" 27
"../../../Engine/Content/Functions/Engine_MaterialFunctions02/ScreenResolution.uasset" 28
"../../../Engine/Content/Functions/Engine_MaterialFunctions02/Texturing/ScreenAlignedUVs.uasset" 29
"../../../Engine/Content/Functions/Engine_MaterialFunctions02/Utility/MakeFloat2.uasset" 30
"../../../Engine/Content/Functions/Engine_MaterialFunctions02/Utility/MakeFloat3.uasset" 31
"../../../Engine/Content/EngineMaterials/MiniFont.uasset" 32
"../../../Engine/Content/BufferVisualization/CustomStencil.uasset" 33
"../../../Engine/Content/BufferVisualization/FinalImage.uasset" 34
"../../../Engine/Content/BufferVisualization/LightingModel.uasset" 35
"../../../Engine/Content/BufferVisualization/MaterialAO.uasset" 36
"../../../Engine/Content/BufferVisualization/Metallic.uasset" 37
"../../../Engine/Content/BufferVisualization/Opacity.uasset" 38
"../../../Engine/Content/BufferVisualization/PostTonemapHDRColor.uasset" 39
"../../../Engine/Content/BufferVisualization/PreTonemapHDRColor.uasset" 40
"../../../Engine/Content/BufferVisualization/Roughness.uasset" 41
"../../../Engine/Content/BufferVisualization/SceneColor.uasset" 42
"../../../Engine/Content/BufferVisualization/SceneDepth.uasset" 43
"../../../Engine/Content/BufferVisualization/SceneDepthWorldUnits.uasset" 44
"../../../Engine/Content/BufferVisualization/SeparateTranslucencyA.uasset" 45
"../../../Engine/Content/BufferVisualization/SeparateTranslucencyRGB.uasset" 46
"../../../Engine/Content/BufferVisualization/Specular.uasset" 47
"../../../Engine/Content/BufferVisualization/SubsurfaceColor.uasset" 48
"../../../Engine/Content/BufferVisualization/Velocity.uasset" 49
"../../../Engine/Content/BufferVisualization/WorldNormal.uasset" 50
"../../../Engine/Content/EditorBlueprintResources/ActorMacros.uasset" 51
"../../../Engine/Content/EditorLandscapeResources/DataLayer.uasset" 52
"../../../Engine/Content/EditorLandscapeResources/DefaultAlphaTexture.uasset" 53
"../../../Engine/Content/EditorLandscapeResources/LandscapeGizmoHeight_Mat.uasset" 54
"../../../Engine/Content/EditorLandscapeResources/LandscapeGizmo_Mat.uasset" 55
"../../../Engine/Content/EditorLandscapeResources/LandscapeGizmo_Mat_Copied.uasset" 56
"../../../Engine/Content/EditorLandscapeResources/SplineEditorMeshMat.uasset" 57
"../../../Engine/Content/EditorLandscapeResources/SplineEditorMesh.uasset" 58
"../../../Engine/Content/EditorMaterials/Cross.uasset" 59
"../../../Engine/Content/EditorMaterials/Cross_Mat.uasset" 60
"../../../Engine/Content/EngineMaterials/DefaultDiffuse.uasset" 61
"../../../Engine/Content/Functions/Engine_MaterialFunctions01/Texturing/TextureCropping.uasset" 62
"../../../Engine/Content/Functions/Engine_MaterialFunctions01/Texturing/ComputeMipLevel.uasset" 63
"../../../Engine/Content/Functions/Engine_MaterialFunctions02/ExampleContent/DebugNumberStrip.uasset" 64
"../../../Engine/Content/Functions/Engine_MaterialFunctions02/ExampleContent/Textures/DebugNumberPeriod.uasset" 65
"../../../Engine/Content/Functions/Engine_MaterialFunctions02/Utility/DebugScalarValues.uasset" 66
"../../../Engine/Content/Functions/Engine_MaterialFunctions02/Utility/DebugFloat2Values.uasset" 67
"../../../Engine/Content/Functions/Engine_MaterialFunctions02/ExampleContent/Textures/flipbook.uasset" 68
"../../../Engine/Content/Functions/Engine_MaterialFunctions02/Texturing/FlipBook.uasset" 69
"../../../Engine/Content/Functions/Engine_MaterialFunctions02/Utility/Sign.uasset" 70
"../../../Engine/Content/Functions/Engine_MaterialFunctions02/Utility/Round.uasset" 71
"../../../Engine/Content/EditorResources/T_EditorHelp.uasset" 72
"../../../Engine/Content/EditorMaterials/HelpActorMaterial.uasset" 73
"../../../Engine/Content/EditorMaterials/CompositeARGBLayer.uasset" 74
"../../../Engine/Content/EditorMaterials/TilingAALineIntegral.uasset" 75
"../../../Engine/Content/EditorMaterials/TilingAALineBoxFiltered.uasset" 76
"../../../Engine/Content/Functions/Engine_MaterialFunctions03/Procedurals/ComputeFilterWidth.uasset" 77
"../../../Engine/Content/EditorMaterials/TilingAADots.uasset" 78
"../../../Engine/Content/EngineMaterials/BlendFunc_DefBase.uasset" 79
"../../../Engine/Content/EngineMaterials/BlendFunc_DefBlend.uasset" 80
"../../../Engine/Content/Functions/Engine_MaterialFunctions03/Blends/Blend_Screen.uasset" 81
"../../../Engine/Content/EditorMaterials/TilingAAGrid.uasset" 82
"../../../Engine/Content/EditorMaterials/LevelGridMaterial.uasset" 83
"../../../Engine/Content/EditorMaterials/MakeCompositeARGBLayer.uasset" 84
"../../../Engine/Content/EditorResources/LevelGrid1DStripes.uasset" 85
"../../../Engine/Content/EditorMaterials/TextureGridCascaded1D.uasset" 86
"../../../Engine/Content/EditorMaterials/TextureGridCascaded2D.uasset" 87
"../../../Engine/Content/EditorMaterials/LevelGridMaterial2.uasset" 88
"../../../Engine/Content/EditorMaterials/MAT_Groups_Toggle.uasset" 89
"../../../Engine/Content/EditorMaterials/MAT_Groups_Visibility.uasset" 90
"../../../Engine/Content/EditorMaterials/AntialiasedGridFloor.uasset" 91
"../../../Engine/Content/EditorResources/TilePatine_D.uasset" 92
"../../../Engine/Content/EditorResources/TilePatine_N.uasset" 93
"../../../Engine/Content/EngineMaterials/Grid.uasset" 94
"../../../Engine/Content/EditorMaterials/PersonaFloorMat.uasset" 95
"../../../Engine/Content/EditorMaterials/PhAT_BoneSelectedMaterial.uasset" 96
"../../../Engine/Content/EditorMaterials/PhAT_ElemSelectedMaterial.uasset" 97
"../../../Engine/Content/EditorMaterials/PhAT_NoCollisionMaterial.uasset" 98
"../../../Engine/Content/EditorMaterials/PhAT_UnselectedMaterial.uasset" 99
"../../../Engine/Content/EditorMaterials/PreviewShadowIndicator.uasset" 100
"../../../Engine/Content/EditorMaterials/PreviewShadowIndicatorMaterial.uasset" 101
"../../../Engine/Content/EditorMaterials/TargetIcon.uasset" 102
"../../../Engine/Content/EditorMaterials/Tick.uasset" 103
"../../../Engine/Content/EditorMaterials/Tick_Mat.uasset" 104
"../../../Engine/Content/EditorMaterials/WidgetGridVertexColorMaterial.uasset" 105
"../../../Engine/Content/EditorMaterials/WidgetGridVertexColorMaterial_Ma.uasset" 106
"../../../Engine/Content/EditorMaterials/WidgetMaterial.uasset" 107
"../../../Engine/Content/EditorMaterials/WidgetMaterial_Current.uasset" 108
"../../../Engine/Content/EditorMaterials/WidgetMaterial_X.uasset" 109
"../../../Engine/Content/EditorMaterials/WidgetMaterial_Y.uasset" 110
"../../../Engine/Content/EditorMaterials/WidgetMaterial_Z.uasset" 111
"../../../Engine/Content/EditorMaterials/WidgetVertexColorMaterial.uasset" 112
"../../../Engine/Content/EditorMaterials/MatineeGroups/MAT_ColorTrack.uasset" 113
"../../../Engine/Content/EditorMaterials/MatineeGroups/MAT_Groups_Anim.uasset" 114
"../../../Engine/Content/EditorMaterials/MatineeGroups/MAT_Groups_AudioMaster.uasset" 115
"../../../Engine/Content/EditorMaterials/MatineeGroups/MAT_Groups_Director.uasset" 116
"../../../Engine/Content/EditorMaterials/MatineeGroups/MAT_Groups_Event.uasset" 117
"../../../Engine/Content/EditorMaterials/MatineeGroups/MAT_Groups_Fade.uasset" 118
"../../../Engine/Content/EditorMaterials/MatineeGroups/MAT_Groups_Float.uasset" 119
"../../../Engine/Content/EditorMaterials/MatineeGroups/MAT_Groups_Move.uasset" 120
"../../../Engine/Content/EditorMaterials/MatineeGroups/MAT_Groups_Slomo.uasset" 121
"../../../Engine/Content/EditorMaterials/MatineeGroups/MAT_Groups_Sound.uasset" 122
"../../../Engine/Content/EditorMaterials/MatineeGroups/MAT_Groups_Vector.uasset" 123
"../../../Engine/Content/EditorMaterials/ParticleSystems/PSysThumbnail_NoImage.uasset" 124
"../../../Engine/Content/EditorMaterials/ParticleSystems/PSysThumbnail_OOD.uasset" 125
"../../../Engine/Content/EditorMaterials/Thumbnails/FloorPlaneMaterial.uasset" 126
"../../../Engine/Content/EditorMeshes/EditorCube.uasset" 127
"../../../Engine/Content/EditorMeshes/EditorCylinder.uasset" 128
"../../../Engine/Content/EditorMeshes/EditorPlane.uasset" 129
"../../../Engine/Content/EditorMaterials/Thumbnails/SkySphereMaterial.uasset" 130
"../../../Engine/Content/EditorMeshes/EditorSkySphere.uasset" 131
"../../../Engine/Content/EditorMeshes/EditorSphere.uasset" 132
"../../../Engine/Content/EditorResources/MatineeCam_D.uasset" 133
"../../../Engine/Content/EditorMaterials/MatineeCam_mat.uasset" 134
"../../../Engine/Content/EditorMeshes/MatineeCam_SM.uasset" 135
"../../../Engine/Content/Functions/Engine_MaterialFunctions01/Shading/ConvertFromDiffSpec.uasset" 136
"../../../Engine/Content/EditorMaterials/GridMaterial.uasset" 137
"../../../Engine/Content/EditorMeshes/PhAT_FloorBox.uasset" 138
"../../../Engine/Content/EditorMeshes/PlanarReflectionPlane.uasset" 139
"../../../Engine/Content/EditorMaterials/Camera/CineMat.uasset" 140
"../../../Engine/Content/EditorMaterials/Camera/MI_CineMat_CameraBody.uasset" 141
"../../../Engine/Content/EngineDebugMaterials/M_SimpleOpaque.uasset" 142
"../../../Engine/Content/EditorMaterials/Camera/MI_CineMat_CamViewFinder.uasset" 143
"../../../Engine/Content/EditorMeshes/Camera/SM_CineCam.uasset" 144
"../../../Engine/Content/EditorMaterials/Camera/MI_CineMat_Rig.uasset" 145
"../../../Engine/Content/EditorMeshes/Camera/SM_CraneRig_Arm.uasset" 146
"../../../Engine/Content/EditorMeshes/Camera/SM_CraneRig_Base.uasset" 147
"../../../Engine/Content/EditorMeshes/Camera/SM_CraneRig_Body.uasset" 148
"../../../Engine/Content/EditorMeshes/Camera/SM_CraneRig_Mount.uasset" 149
"../../../Engine/Content/EditorMeshes/Camera/SM_RailRig_Mount.uasset" 150
"../../../Engine/Content/EditorMeshes/Camera/SM_RailRig_Track.uasset" 151
"../../../Engine/Content/EditorMeshes/ColorCalibrator/M_ChromeBall.uasset" 152
"../../../Engine/Content/EditorResources/Bad.uasset" 153
"../../../Engine/Content/EditorResources/BSPVertex.uasset" 154
"../../../Engine/Content/EditorResources/EmptyActor.uasset" 155
"../../../Engine/Content/EditorResources/MatInstActSprite.uasset" 156
"../../../Engine/Content/EditorResources/SceneManager.uasset" 157
"../../../Engine/Content/EditorResources/SmallFont.uasset" 158
"../../../Engine/Content/EditorResources/S_Actor.uasset" 159
"../../../Engine/Content/EditorResources/S_CameraShakeSource.uasset" 160
"../../../Engine/Content/EditorResources/S_DecalActorIcon.uasset" 161
"../../../Engine/Content/EditorResources/S_Emitter.uasset" 162
"../../../Engine/Content/EditorResources/S_ExpoHeightFog.uasset" 163
"../../../Engine/Content/EditorResources/S_FTest.uasset" 164
"../../../Engine/Content/EditorResources/S_KBSJoint.uasset" 165
"../../../Engine/Content/EditorResources/S_KHinge.uasset" 166
"../../../Engine/Content/EditorResources/S_KPrismatic.uasset" 167
"../../../Engine/Content/EditorResources/S_LevelSequence.uasset" 168
"../../../Engine/Content/EditorResources/S_NavP.uasset" 169
"../../../Engine/Content/EditorResources/S_Note.uasset" 170
"../../../Engine/Content/EditorResources/S_Player.uasset" 171
"../../../Engine/Content/EditorResources/S_PortalActorIcon2.uasset" 172
"../../../Engine/Content/EditorResources/S_RadForce.uasset" 173
"../../../Engine/Content/EditorResources/S_ReflActorIcon.uasset" 174
"../../../Engine/Content/EditorResources/S_SkyAtmosphere.uasset" 175
"../../../Engine/Content/EditorResources/S_Solver.uasset" 176
"../../../Engine/Content/EditorResources/S_Terrain.uasset" 177
"../../../Engine/Content/EditorResources/S_TextRenderActorIcon.uasset" 178
"../../../Engine/Content/EditorResources/S_Thruster.uasset" 179
"../../../Engine/Content/EditorResources/S_Trigger.uasset" 180
"../../../Engine/Content/EditorResources/S_VectorFieldVol.uasset" 181
"../../../Engine/Content/EditorResources/S_WindDirectional.uasset" 182
"../../../Engine/Content/EditorResources/AI/S_NavLink.uasset" 183
"../../../Engine/Content/EditorResources/LightIcons/SkyLight.uasset" 184
"../../../Engine/Content/EditorResources/LightIcons/S_LightDirectional.uasset" 185
"../../../Engine/Content/EditorResources/LightIcons/S_LightDirectionalMove.uasset" 186
"../../../Engine/Content/EditorResources/LightIcons/S_LightError.uasset" 187
"../../../Engine/Content/EditorResources/LightIcons/S_LightPoint.uasset" 188
"../../../Engine/Content/EditorResources/LightIcons/S_LightPointMove.uasset" 189
"../../../Engine/Content/EditorResources/LightIcons/S_LightSpot.uasset" 190
"../../../Engine/Content/EditorResources/LightIcons/S_LightSpotMove.uasset" 191
"../../../Engine/Content/EditorResources/SequenceRecorder/Countdown.uasset" 192
"../../../Engine/Content/EditorResources/SequenceRecorder/RecordingIndicator.uasset" 193
"../../../Engine/Content/EditorResources/Spline/T_Loft_Spline.uasset" 194
"../../../Engine/Content/EditorSounds/Notifications/CompileFailed.uasset" 195
"../../../Engine/Content/EditorSounds/Notifications/CompileFailed_Cue.uasset" 196
"../../../Engine/Content/EditorSounds/Notifications/CompileSuccess.uasset" 197
"../../../Engine/Content/EditorSounds/Notifications/CompileStart_Cue.uasset" 198
"../../../Engine/Content/EditorSounds/Notifications/CompileSuccess_Cue.uasset" 199
"../../../Engine/Content/EngineDamageTypes/DmgTypeBP_Environmental.uasset" 200
"../../../Engine/Content/EngineDebugMaterials/HeatmapGradient.uasset" 201
"../../../Engine/Content/EngineDebugMaterials/BoneWeightMaterial.uasset" 202
"../../../Engine/Content/EngineDebugMaterials/ClothMaterial.uasset" 203
"../../../Engine/Content/EngineDebugMaterials/ClothMaterial_WF.uasset" 204
"../../../Engine/Content/EngineDebugMaterials/DebugEditorMaterial.uasset" 205
"../../../Engine/Content/EngineDebugMaterials/DebugMeshMaterial.uasset" 206
"../../../Engine/Content/EngineDebugMaterials/GeomMaterial.uasset" 207
"../../../Engine/Content/EngineDebugMaterials/LevelColorationLitMaterial.uasset" 208
"../../../Engine/Content/EngineDebugMaterials/LevelColorationUnlitMaterial.uasset" 209
"../../../Engine/Content/EngineMaterials/DefaultWhiteGrid.uasset" 210
"../../../Engine/Content/EngineDebugMaterials/MAT_LevelColorationLitLightmapUV.uasset" 211
"../../../Engine/Content/EngineDebugMaterials/M_SimpleUnlitTranslucent.uasset" 212
"../../../Engine/Content/Functions/Engine_MaterialFunctions02/Utility/CameraDirectionVector.uasset" 213
"../../../Engine/Content/EngineDebugMaterials/VolumeToRender.uasset" 214
"../../../Engine/Content/EngineDebugMaterials/M_VolumeRenderSphereTracePP.uasset" 215
"../../../Engine/Content/EngineMaterials/DefaultWhiteGrid_Low.uasset" 216
"../../../Engine/Content/EngineDebugMaterials/PhysicalMaterialMaskMaterial.uasset" 217
"../../../Engine/Content/EngineDebugMaterials/ShadedLevelColorationLitMaterial.uasset" 218
"../../../Engine/Content/EngineDebugMaterials/ShadedLevelColorationUnlitMateri.uasset" 219
"../../../Engine/Content/EngineDebugMaterials/VertexColorMaterial.uasset" 220
"../../../Engine/Content/EngineDebugMaterials/VertexColorViewMode_AlphaAsColor.uasset" 221
"../../../Engine/Content/EngineDebugMaterials/VertexColorViewMode_BlueOnly.uasset" 222
"../../../Engine/Content/EngineDebugMaterials/VertexColorViewMode_ColorOnly.uasset" 223
"../../../Engine/Content/EngineDebugMaterials/VertexColorViewMode_GreenOnly.uasset" 224
"../../../Engine/Content/EngineDebugMaterials/VertexColorViewMode_RedOnly.uasset" 225
"../../../Engine/Content/EngineDebugMaterials/WireframeMaterial.uasset" 226
"../../../Engine/Content/EngineFonts/Faces/DroidSansFallback.uasset" 227
"../../../Engine/Content/EngineFonts/Faces/RobotoBold.uasset" 228
"../../../Engine/Content/EngineFonts/Faces/RobotoBoldItalic.uasset" 229
"../../../Engine/Content/EngineFonts/Faces/RobotoItalic.uasset" 230
"../../../Engine/Content/EngineFonts/Faces/RobotoLight.uasset" 231
"../../../Engine/Content/EngineFonts/Faces/RobotoRegular.uasset" 232
"../../../Engine/Content/EngineFonts/Roboto.uasset" 233
"../../../Engine/Content/EngineFonts/Faces/RobotoTiny.uasset" 234
"../../../Engine/Content/EngineFonts/RobotoTiny.uasset" 235
"../../../Engine/Content/EngineFonts/SmallFont.uasset" 236
"../../../Engine/Content/EngineFonts/TinyFont.uasset" 237
"../../../Engine/Content/EngineMaterials/BaseFlattenDiffuseMap.uasset" 238
"../../../Engine/Content/EngineMaterials/BaseFlattenEmissiveMap.uasset" 239
"../../../Engine/Content/EngineMaterials/BaseFlattenGrayscaleMap.uasset" 240
"../../../Engine/Content/EngineMaterials/BaseFlattenNormalMap.uasset" 241
"../../../Engine/Content/EngineMaterials/BaseFlattenMaterial.uasset" 242
"../../../Engine/Content/EngineResources/WhiteSquareTexture.uasset" 243
"../../../Engine/Content/EngineMaterials/BlinkingCaret.uasset" 244
"../../../Engine/Content/EngineMaterials/BlueNoise.uasset" 245
"../../../Engine/Content/EngineMaterials/DefaultBloomKernel.uasset" 246
"../../../Engine/Content/EngineMaterials/DefaultBokeh.uasset" 247
"../../../Engine/Content/EngineMaterials/DefaultDeferredDecalMaterial.uasset" 248
"../../../Engine/Content/EngineMaterials/DefaultLightFunctionMaterial.uasset" 249
"../../../Engine/Content/EngineMaterials/DefaultNormal.uasset" 250
"../../../Engine/Content/EngineMaterials/DefaultPostProcessMaterial.uasset" 251
"../../../Engine/Content/EngineFonts/RobotoDistanceField.uasset" 252
"../../../Engine/Content/EngineMaterials/DefaultTextMaterialOpaque.uasset" 253
"../../../Engine/Content/EngineMaterials/EditorBrushMaterial.uasset" 254
"../../../Engine/Content/EngineMaterials/EmissiveMeshMaterial.uasset" 255
"../../../Engine/Content/EngineMaterials/GizmoMaterial.uasset" 256
"../../../Engine/Content/EngineMaterials/Good64x64TilingNoiseHighFreq.uasset" 257
"../../../Engine/Content/EngineMaterials/Grid_N.uasset" 258
"../../../Engine/Content/EngineMaterials/HighResolutionScreenshotMaskFunction.uasset" 259
"../../../Engine/Content/EngineMaterials/HighResScreenshot.uasset" 260
"../../../Engine/Content/EngineMaterials/HighResScreenshotCaptureRegion.uasset" 261
"../../../Engine/Content/EngineMaterials/HighResScreenshotMask.uasset" 262
"../../../Engine/Content/EngineMaterials/LandscapeHolePhysicalMaterial.uasset" 263
"../../../Engine/Content/EngineMaterials/InvalidLightmapSettings.uasset" 264
"../../../Engine/Content/EngineMaterials/M_InvalidLightmapSettings.uasset" 265
"../../../Engine/Content/EngineMaterials/PaperDiffuse.uasset" 266
"../../../Engine/Content/EngineMaterials/PaperNormal.uasset" 267
"../../../Engine/Content/Functions/Engine_MaterialFunctions02/WorldPositionOffset/CameraOffset.uasset" 268
"../../../Engine/Content/EngineMaterials/PhAT_JointLimitMaterial.uasset" 269
"../../../Engine/Content/EngineMaterials/PhysMat_Rubber.uasset" 270
"../../../Engine/Content/EngineMaterials/PreintegratedSkinBRDF.uasset" 271
"../../../Engine/Content/EngineMaterials/RemoveSurfaceMaterial.uasset" 272
"../../../Engine/Content/EngineMaterials/WeightMapPlaceholderTexture.uasset" 273
"../../../Engine/Content/Functions/Engine_MaterialFunctions01/ImageAdjustment/sRGBToLinear.uasset" 274
"../../../Engine/Content/Functions/Engine_MaterialFunctions02/Utility/BreakOutFloat3Components.uasset" 275
"../../../Engine/Content/EngineMaterials/Widget3DCameraPassThrough_Opaque_OneSided.uasset" 276
"../../../Engine/Content/EngineMaterials/Widget3DPassThrough.uasset" 277
"../../../Engine/Content/EngineMaterials/Widget3DPassThrough_Masked.uasset" 278
"../../../Engine/Content/EngineMaterials/Widget3DPassThrough_Opaque.uasset" 279
"../../../Engine/Content/EngineMaterials/Widget3DPassThrough_Masked_OneSided.uasset" 280
"../../../Engine/Content/EngineMaterials/Widget3DPassThrough_Opaque_OneSided.uasset" 281
"../../../Engine/Content/EngineMaterials/Widget3DPassThrough_Translucent.uasset" 282
"../../../Engine/Content/EngineMaterials/Widget3DPassThrough_Translucent_OneSided.uasset" 283
"../../../Engine/Content/EngineMeshes/Cylinder.uasset" 284
"../../../Engine/Content/EngineMeshes/Sphere.uasset" 285
"../../../Engine/Content/EngineResources/Black.uasset" 286
"../../../Engine/Content/EngineResources/DefaultTexture.uasset" 287
"../../../Engine/Content/EngineResources/DefaultTextureCube.uasset" 288
"../../../Engine/Content/EngineResources/DefaultVolumeTexture2D.uasset" 289
"../../../Engine/Content/EngineResources/DefaultVolumeTexture.uasset" 290
"../../../Engine/Content/EngineResources/GradientTexture0.uasset" 291
"../../../Engine/Content/EngineResources/StreamingPauseIcon.uasset" 292
"../../../Engine/Content/EngineResources/M_StreamingPause.uasset" 293
"../../../Engine/Content/EngineSounds/Master.uasset" 294
"../../../Engine/Content/Functions/Engine_MaterialFunctions01/Shading/PowerToRoughness.uasset" 295
"../../../Engine/Content/Maps/Templates/Thumbnails/Default.uasset" 296
"../../../Engine/Content/Maps/Templates/Thumbnails/TimeOfDay.uasset" 297
"../../../Engine/Content/Maps/Templates/Thumbnails/VR-Basic.uasset" 298
"../../../Engine/Content/MapTemplates/Sky/DaylightAmbientCubemap.uasset" 299
"../../../Engine/Content/MobileResources/T_MobileControls_texture.uasset" 300
"../../../Engine/Content/MobileResources/T_MobileMenu2.uasset" 301
"../../../Engine/Content/MobileResources/HUD/AnalogHat.uasset" 302
"../../../Engine/Content/MobileResources/HUD/VirtualJoystick_Background.uasset" 303
"../../../Engine/Content/MobileResources/HUD/VirtualJoystick_Thumb.uasset" 304
"../../../Engine/Content/MobileResources/HUD/DefaultVirtualJoysticks.uasset" 305
"../../../Engine/Content/MobileResources/HUD/LeftVirtualJoystickOnly.uasset" 306
"../../../Engine/Content/MobileResources/HUD/MobileHUDButton1_off.uasset" 307
"../../../Engine/Content/MobileResources/HUD/MobileHUDButton1_on.uasset" 308
"../../../Engine/Content/MobileResources/HUD/MobileHUDButton2_off.uasset" 309
"../../../Engine/Content/MobileResources/HUD/MobileHUDButton2_on.uasset" 310
"../../../Engine/Content/MobileResources/HUD/MobileHUDButton3.uasset" 311
"../../../Engine/Content/MobileResources/HUD/MobileHUDButtonFire.uasset" 312
"../../../Engine/Content/MobileResources/HUD/MobileHUDDirectionPad.uasset" 313
"../../../Engine/Content/MobileResources/HUD/MobileHUDDirectionPad2.uasset" 314
"../../../Engine/Content/MobileResources/HUD/MobileHUDDirectionPad3.uasset" 315
"../../../Engine/Content/MobileResources/HUD/MobileHUDDirectionStick.uasset" 316
"../../../Engine/Content/MobileResources/HUD/T_Castle_ThumbstickInner.uasset" 317
"../../../Engine/Content/MobileResources/HUD/T_Castle_ThumbstickOutter.uasset" 318
"../../../Engine/Content/Tutorial/ContentIntroCurve.uasset" 319
"../../../Engine/Content/Tutorial/Basics/LevelEditorAttract.uasset" 320
"../../../Engine/Content/Tutorial/Basics/TutorialAssets/icon_tab_Levels_40x.uasset" 321
"../../../Engine/Content/Tutorial/Basics/LevelEditorOverview.uasset" 322
"../../../Engine/Content/Tutorial/BlueprintTutorials/TutorialAssets/Blueprint_64x.uasset" 323
"../../../Engine/Content/Tutorial/BlueprintTutorials/BlueprintEditorTutorial.uasset" 324
"../../../Engine/Content/Tutorial/BlueprintTutorials/TutorialAssets/BlueprintMacroLibrary_64x.uasset" 325
"../../../Engine/Content/Tutorial/BlueprintTutorials/BlueprintMacroLibrariesEditorOverview.uasset" 326
"../../../Engine/Content/Tutorial/BlueprintTutorials/TutorialAssets/Tutorial_BP_MacroLib.uasset" 327
"../../../Engine/Content/VREditor/LaserPointer/VR_LaserPower_01.uasset" 328
"../../../Engine/Content/VREditor/TransformGizmo/TransformGizmoMaterial.uasset" 329
"../../../Engine/Content/VREditor/TransformGizmo/TranslucentTransformGizmoMaterial.uasset" 330
"../../../Engine/Content/VREditor/TransformGizmo/BoundingBoxCorner.uasset" 331
"../../../Engine/Content/VREditor/TransformGizmo/BoundingBoxEdge.uasset" 332
"../../../Engine/Content/VREditor/TransformGizmo/PlaneTranslationHandle.uasset" 333
"../../../Engine/Content/VREditor/TransformGizmo/Main.uasset" 334
"../../../Engine/Content/VREditor/TransformGizmo/Xray.uasset" 335
"../../../Engine/Content/VREditor/TransformGizmo/SM_Sequencer_Key.uasset" 336
"../../../Engine/Content/VREditor/TransformGizmo/SM_Sequencer_Node.uasset" 337
"../../../../../../Users/Administrator/Documents/GitHub/towerdefense/Content/IconCreator/BP_and_Textures/Enums/E_MeshType.uasset" 338
"../../../../../../Users/Administrator/Documents/GitHub/towerdefense/Content/Mannequin/Character/Mesh/SK_Mannequin_Skeleton.uasset" 339
"../../../../../../Users/Administrator/Documents/GitHub/towerdefense/Content/Mannequin/Animations/ThirdPersonJump_End.uasset" 340
"../../../../../../Users/Administrator/Documents/GitHub/towerdefense/Content/Mannequin/Animations/ThirdPersonJump_Loop.uasset" 341
"../../../../../../Users/Administrator/Documents/GitHub/towerdefense/Content/Mannequin/Animations/ThirdPersonJump_Start.uasset" 342
"../../../../../../Users/Administrator/Documents/GitHub/towerdefense/Content/Mannequin/Animations/ThirdPersonIdle.uasset" 343
"../../../../../../Users/Administrator/Documents/GitHub/towerdefense/Content/Mannequin/Animations/ThirdPersonRun.uasset" 344
"../../../../../../Users/Administrator/Documents/GitHub/towerdefense/Content/Mannequin/Animations/ThirdPersonWalk.uasset" 345
"../../../../../../Users/Administrator/Documents/GitHub/towerdefense/Content/Mannequin/Animations/ThirdPerson_IdleRun_2D.uasset" 346
"../../../../../../Users/Administrator/Documents/GitHub/towerdefense/Content/Mannequin/Animations/ThirdPerson_AnimBP.uasset" 347
"../../../../../../Users/Administrator/Documents/GitHub/towerdefense/Content/AI/RunnerBlackboard.uasset" 348
"../../../../../../Users/Administrator/Documents/GitHub/towerdefense/Content/AI/BP_Track.uasset" 349
"../../../../../../Users/Administrator/Documents/GitHub/towerdefense/Content/Textures/Soldiers_Blue.uasset" 350
"../../../../../../Users/Administrator/Documents/GitHub/towerdefense/Content/Textures/Soldiers_Emit.uasset" 351
"../../../../../../Users/Administrator/Documents/GitHub/towerdefense/Content/Meshes/Soldiers/M_Soldiers.uasset" 352
"../../../../../../Users/Administrator/Documents/GitHub/towerdefense/Content/Meshes/Soldiers/TB_Soldier_Archer_TB_Soldier_Archer_Body.uasset" 353
"../../../../../../Users/Administrator/Documents/GitHub/towerdefense/Content/Meshes/Soldiers/TB_Soldier_Spearman_TB_Soldier_Spearman_Body.uasset" 354
"../../../../../../Users/Administrator/Documents/GitHub/towerdefense/Content/Meshes/Soldiers/TB_Soldier_Swordman_TB_Soldier_Swordman_Body.uasset" 355
"../../../../../../Users/Administrator/Documents/GitHub/towerdefense/Content/Spawners/RunnerStruct.uasset" 356
"../../../../../../Users/Administrator/Documents/GitHub/towerdefense/Content/Spawners/RunnerDataTable.uasset" 357
"../../../../../../Users/Administrator/Documents/GitHub/towerdefense/Content/Spawners/BP_BaseSpawner.uasset" 358
"../../../../../../Users/Administrator/Documents/GitHub/towerdefense/Content/Player/BP_PlayerCameraPawn.uasset" 359
"../../../../../../Users/Administrator/Documents/GitHub/towerdefense/Content/Tower/BP_Selectable.uasset" 360
"../../../Engine/Content/Functions/Engine_MaterialFunctions02/HueShift.uasset" 361
"../../../../../../Users/Administrator/Documents/GitHub/towerdefense/Content/Textures/Structures.uasset" 362
"../../../../../../Users/Administrator/Documents/GitHub/towerdefense/Content/Meshes/Structures/M_Structures.uasset" 363
"../../../../../../Users/Administrator/Documents/GitHub/towerdefense/Content/Textures/Towers_Blue.uasset" 364
"../../../../../../Users/Administrator/Documents/GitHub/towerdefense/Content/Meshes/Structures/M_Structures_Towers.uasset" 365
"../../../../../../Users/Administrator/Documents/GitHub/towerdefense/Content/Meshes/Structures/TB_BuildingPoint.uasset" 366
"../../../../../../Users/Administrator/Documents/GitHub/towerdefense/Content/Tower/BP_BuildPoint.uasset" 367
"../../../../../../Users/Administrator/Documents/GitHub/towerdefense/Content/Textures/Tower_Emit.uasset" 368
"../../../../../../Users/Administrator/Documents/GitHub/towerdefense/Content/Meshes/Weapons/Towers_Blue.uasset" 369
"../../../../../../Users/Administrator/Documents/GitHub/towerdefense/Content/Meshes/Weapons/TB_ArcherTower_Arrow.uasset" 370
"../../../../../../Users/Administrator/Documents/GitHub/towerdefense/Content/Tower/AttackTypes.uasset" 371
"../../../../../../Users/Administrator/Documents/GitHub/towerdefense/Content/Tower/BP_TowerProjectile.uasset" 372
"../../../../../../Users/Administrator/Documents/GitHub/towerdefense/Content/Meshes/Weapons/TB_CanonTower_Lvl1_Ball.uasset" 373
"../../../../../../Users/Administrator/Documents/GitHub/towerdefense/Content/Meshes/Weapons/TB_CanonTower_Lvl2_Ball.uasset" 374
"../../../../../../Users/Administrator/Documents/GitHub/towerdefense/Content/Meshes/Weapons/TB_CanonTower_Lvl3_Rocket.uasset" 375
"../../../../../../Users/Administrator/Documents/GitHub/towerdefense/Content/Meshes/Weapons/TB_CanonTower_Lvl4_A_Rocket.uasset" 376
"../../../../../../Users/Administrator/Documents/GitHub/towerdefense/Content/MobileStarterContent/Textures/T_Fire_SubUV.uasset" 377
"../../../../../../Users/Administrator/Documents/GitHub/towerdefense/Content/MobileStarterContent/Textures/T_Fire_Tiled_D.uasset" 378
"../../../../../../Users/Administrator/Documents/GitHub/towerdefense/Content/MobileStarterContent/Particles/Materials/M_Fire_SubUV.uasset" 379
"../../../Engine/Content/Functions/Engine_MaterialFunctions01/Gradient/RadialGradient.uasset" 380
"../../../../../../Users/Administrator/Documents/GitHub/towerdefense/Content/MobileStarterContent/Particles/Materials/M_Radial_Gradient.uasset" 381
"../../../../../../Users/Administrator/Documents/GitHub/towerdefense/Content/MobileStarterContent/Textures/T_Smoke_SubUV.uasset" 382
"../../../../../../Users/Administrator/Documents/GitHub/towerdefense/Content/MobileStarterContent/Textures/T_Smoke_Tiled_D.uasset" 383
"../../../../../../Users/Administrator/Documents/GitHub/towerdefense/Content/MobileStarterContent/Particles/Materials/M_smoke_subUV.uasset" 384
"../../../../../../Users/Administrator/Documents/GitHub/towerdefense/Content/MobileStarterContent/Particles/P_Fire.uasset" 385
"../../../../../../Users/Administrator/Documents/GitHub/towerdefense/Content/Tower/ProjectileStruct.uasset" 386
"../../../../../../Users/Administrator/Documents/GitHub/towerdefense/Content/Tower/ProjectileDataTable.uasset" 387
"../../../../../../Users/Administrator/Documents/GitHub/towerdefense/Content/Meshes/Soldiers/TB_Soldier_Archer_TB_Soldier_Archer_Hand.uasset" 388
"../../../../../../Users/Administrator/Documents/GitHub/towerdefense/Content/Meshes/Soldiers/TB_Soldier_Archer_TB_Soldier_Archer_Leg_L.uasset" 389
"../../../../../../Users/Administrator/Documents/GitHub/towerdefense/Content/Meshes/Soldiers/TB_Soldier_Archer_TB_Soldier_Archer_Leg_R.uasset" 390
"../../../../../../Users/Administrator/Documents/GitHub/towerdefense/Content/Tower/BP_Tower_Archer.uasset" 391
"../../../../../../Users/Administrator/Documents/GitHub/towerdefense/Content/Materials/Towers_Blue.uasset" 392
"../../../../../../Users/Administrator/Documents/GitHub/towerdefense/Content/Meshes/TB_ArcherTower_Lvl2_TB_ArcherTower_Lvl2.uasset" 393
"../../../../../../Users/Administrator/Documents/GitHub/towerdefense/Content/Tower/BP_Tower_Archer_2.uasset" 394
"../../../../../../Users/Administrator/Documents/GitHub/towerdefense/Content/Meshes/TB_ArcherTower_Lvl3.uasset" 395
"../../../../../../Users/Administrator/Documents/GitHub/towerdefense/Content/Tower/BP_Tower_Archer_3.uasset" 396
"../../../../../../Users/Administrator/Documents/GitHub/towerdefense/Content/Meshes/TB_ArcherTower_Lvl4_A.uasset" 397
"../../../../../../Users/Administrator/Documents/GitHub/towerdefense/Content/Tower/BP_Tower_Archer_4.uasset" 398
"../../../../../../Users/Administrator/Documents/GitHub/towerdefense/Content/AI/BP_TowerRunner.uasset" 399
"../../../../../../Users/Administrator/Documents/GitHub/towerdefense/Content/Tower/TowerStruct.uasset" 400
"../../../../../../Users/Administrator/Documents/GitHub/towerdefense/Content/Spawners/BP_BarackSpawner.uasset" 401
"../../../../../../Users/Administrator/Documents/GitHub/towerdefense/Content/Meshes/TB_Barracks_Lvl1_TB_Barracks_Lvl1.uasset" 402
"../../../../../../Users/Administrator/Documents/GitHub/towerdefense/Content/Meshes/TB_Barracks_Lvl1_TB_Barracks_Lvl1_DoorA.uasset" 403
"../../../../../../Users/Administrator/Documents/GitHub/towerdefense/Content/Meshes/TB_Barracks_Lvl1_TB_Barracks_Lvl1_DoorB.uasset" 404
"../../../../../../Users/Administrator/Documents/GitHub/towerdefense/Content/UI/EnemyHealth.uasset" 405
"../../../../../../Users/Administrator/Documents/GitHub/towerdefense/Content/Tower/BP_Tower_Barrack.uasset" 406
"../../../../../../Users/Administrator/Documents/GitHub/towerdefense/Content/Meshes/TB_Barracks_Lvl2_TB_Barracks_Lvl2.uasset" 407
"../../../../../../Users/Administrator/Documents/GitHub/towerdefense/Content/Tower/BP_Tower_Barrack_2.uasset" 408
"../../../../../../Users/Administrator/Documents/GitHub/towerdefense/Content/Meshes/TB_Barracks_Lvl3_TB_Barracks_Lvl3.uasset" 409
"../../../../../../Users/Administrator/Documents/GitHub/towerdefense/Content/Tower/BP_Tower_Barrack_3.uasset" 410
"../../../../../../Users/Administrator/Documents/GitHub/towerdefense/Content/Meshes/TB_Barracks_Lvl4A_TB_Barracks_Lvl4A.uasset" 411
"../../../../../../Users/Administrator/Documents/GitHub/towerdefense/Content/Tower/BP_Tower_Barrack_4.uasset" 412
"../../../../../../Users/Administrator/Documents/GitHub/towerdefense/Content/Meshes/TB_CanonTower_Lvl1_TB_CanonTower_Lvl1.uasset" 413
"../../../../../../Users/Administrator/Documents/GitHub/towerdefense/Content/Meshes/TB_CanonTower_Lvl1_TB_CanonTower_Lvl1_Canon.uasset" 414
"../../../../../../Users/Administrator/Documents/GitHub/towerdefense/Content/Tower/BP_Tower_Canon.uasset" 415
"../../../../../../Users/Administrator/Documents/GitHub/towerdefense/Content/Meshes/TB_CanonTower_Lvl2_TB_CanonTower_Lvl2.uasset" 416
"../../../../../../Users/Administrator/Documents/GitHub/towerdefense/Content/Meshes/TB_CanonTower_Lvl2_TB_CanonTower_Lvl2_Canon.uasset" 417
"../../../../../../Users/Administrator/Documents/GitHub/towerdefense/Content/Tower/BP_Tower_Canon_2.uasset" 418
"../../../../../../Users/Administrator/Documents/GitHub/towerdefense/Content/Meshes/TB_CanonTower_Lvl3_TB_CanonTower_Lvl3.uasset" 419
"../../../../../../Users/Administrator/Documents/GitHub/towerdefense/Content/Meshes/TB_CanonTower_Lvl3_TB_CanonTower_Lvl3_Canon.uasset" 420
"../../../../../../Users/Administrator/Documents/GitHub/towerdefense/Content/Tower/BP_Tower_Canon_3.uasset" 421
"../../../../../../Users/Administrator/Documents/GitHub/towerdefense/Content/Meshes/TB_CanonTower_Lvl4_A_TB_CanonTower_Lvl4_A.uasset" 422
"../../../../../../Users/Administrator/Documents/GitHub/towerdefense/Content/Meshes/TB_CanonTower_Lvl4_A_TB_CanonTower_Lvl4_A_Canon.uasset" 423
"../../../../../../Users/Administrator/Documents/GitHub/towerdefense/Content/Tower/BP_Tower_Canon_4.uasset" 424
"../../../../../../Users/Administrator/Documents/GitHub/towerdefense/Content/Meshes/TB_MageTower_Lvl1_TB_MageTower_Lvl1.uasset" 425
"../../../../../../Users/Administrator/Documents/GitHub/towerdefense/Content/Meshes/TB_MageTower_Lvl1_TB_MageTower_Lvl1_Crystal.uasset" 426
"../../../../../../Users/Administrator/Documents/GitHub/towerdefense/Content/Tower/BP_Tower_Mage.uasset" 427
"../../../../../../Users/Administrator/Documents/GitHub/towerdefense/Content/Meshes/TB_MageTower_Lvl2_TB_MageTower_Lvl2.uasset" 428
"../../../../../../Users/Administrator/Documents/GitHub/towerdefense/Content/Meshes/TB_MageTower_Lvl2_TB_MageTower_Lvl2_Crystal.uasset" 429
"../../../../../../Users/Administrator/Documents/GitHub/towerdefense/Content/Tower/BP_Tower_Mage_2.uasset" 430
"../../../../../../Users/Administrator/Documents/GitHub/towerdefense/Content/Meshes/TB_MageTower_Lvl3_TB_MageTower_Lvl3.uasset" 431
"../../../../../../Users/Administrator/Documents/GitHub/towerdefense/Content/Meshes/TB_MageTower_Lvl3_TB_MageTower_Lvl3_Crystal.uasset" 432
"../../../../../../Users/Administrator/Documents/GitHub/towerdefense/Content/Tower/BP_Tower_Mage_3.uasset" 433
"../../../../../../Users/Administrator/Documents/GitHub/towerdefense/Content/Meshes/TB_MageTower_Lvl4_A_TB_MageTower_Lvl4_A.uasset" 434
"../../../../../../Users/Administrator/Documents/GitHub/towerdefense/Content/Meshes/TB_MageTower_Lvl4_A_TB_MageTower_Lvl4_A_Crystal.uasset" 435
"../../../../../../Users/Administrator/Documents/GitHub/towerdefense/Content/Tower/BP_Tower_Mage_4.uasset" 436
"../../../../../../Users/Administrator/Documents/GitHub/towerdefense/Content/Meshes/TB_ArcherTower_Lvl1_Cons_TB_ArcherTower_Lvl1_Cons.uasset" 437
"../../../../../../Users/Administrator/Documents/GitHub/towerdefense/Content/Meshes/TB_ArcherTower_Lvl2_Cons_TB_ArcherTower_Lvl2_Cons.uasset" 438
"../../../../../../Users/Administrator/Documents/GitHub/towerdefense/Content/Meshes/TB_ArcherTower_Lvl3_Cons.uasset" 439
"../../../../../../Users/Administrator/Documents/GitHub/towerdefense/Content/Meshes/TB_ArcherTower_Lvl4_A_Cons.uasset" 440
"../../../../../../Users/Administrator/Documents/GitHub/towerdefense/Content/Meshes/TB_Barracks_Lvl1_Cons_TB_Barracks_Lvl1_Cons.uasset" 441
"../../../../../../Users/Administrator/Documents/GitHub/towerdefense/Content/Meshes/TB_Barracks_Lvl2_Cons_TB_Barracks_Lvl2_Cons.uasset" 442
"../../../../../../Users/Administrator/Documents/GitHub/towerdefense/Content/Meshes/TB_Barracks_Lvl3_Cons_TB_Barracks_Lvl3_Cons.uasset" 443
"../../../../../../Users/Administrator/Documents/GitHub/towerdefense/Content/Meshes/TB_Barracks_Lvl4A_Cons_TB_Barracks_Lvl4A_Cons.uasset" 444
"../../../../../../Users/Administrator/Documents/GitHub/towerdefense/Content/Meshes/TB_CanonTower_Lvl1_Cons_TB_CanonTower_Lvl1_Cons.uasset" 445
"../../../../../../Users/Administrator/Documents/GitHub/towerdefense/Content/Meshes/TB_CanonTower_Lvl2_Cons_TB_CanonTower_Lvl2_Cons.uasset" 446
"../../../../../../Users/Administrator/Documents/GitHub/towerdefense/Content/Meshes/TB_CanonTower_Lvl3_Cons_TB_CanonTower_Lvl3_Cons.uasset" 447
"../../../../../../Users/Administrator/Documents/GitHub/towerdefense/Content/Meshes/TB_CanonTower_Lvl4_A_Cons_TB_CanonTower_Lvl4_A_Cons.uasset" 448
"../../../../../../Users/Administrator/Documents/GitHub/towerdefense/Content/Meshes/TB_MageTower_Lvl1_Cons_TB_MageTower_Lvl1_Cons.uasset" 449
"../../../../../../Users/Administrator/Documents/GitHub/towerdefense/Content/Meshes/TB_MageTower_Lvl2_Cons_TB_MageTower_Lvl2_Cons.uasset" 450
"../../../../../../Users/Administrator/Documents/GitHub/towerdefense/Content/Meshes/TB_MageTower_Lvl3_Cons_TB_MageTower_Lvl3_Cons.uasset" 451
"../../../../../../Users/Administrator/Documents/GitHub/towerdefense/Content/Meshes/TB_MageTower_Lvl4_A_Cons_TB_MageTower_Lvl4_A_Cons.uasset" 452
"../../../../../../Users/Administrator/Documents/GitHub/towerdefense/Content/MobileStarterContent/Audio/Collapse01.uasset" 453
"../../../../../../Users/Administrator/Documents/GitHub/towerdefense/Content/MobileStarterContent/Audio/Collapse02.uasset" 454
"../../../../../../Users/Administrator/Documents/GitHub/towerdefense/Content/MobileStarterContent/Audio/Collapse_Cue.uasset" 455
"../../../../../../Users/Administrator/Documents/GitHub/towerdefense/Content/MobileStarterContent/Audio/Explosion01.uasset" 456
"../../../../../../Users/Administrator/Documents/GitHub/towerdefense/Content/MobileStarterContent/Audio/Explosion02.uasset" 457
"../../../../../../Users/Administrator/Documents/GitHub/towerdefense/Content/MobileStarterContent/Audio/Explosion_Cue.uasset" 458
"../../../../../../Users/Administrator/Documents/GitHub/towerdefense/Content/MobileStarterContent/Audio/Smoke01.uasset" 459
"../../../../../../Users/Administrator/Documents/GitHub/towerdefense/Content/MobileStarterContent/Audio/Smoke01_Cue.uasset" 460
"../../../../../../Users/Administrator/Documents/GitHub/towerdefense/Content/MobileStarterContent/Textures/T_Burst_M.uasset" 461
"../../../../../../Users/Administrator/Documents/GitHub/towerdefense/Content/MobileStarterContent/Particles/Materials/M_Burst.uasset" 462
"../../../../../../Users/Administrator/Documents/GitHub/towerdefense/Content/MobileStarterContent/Textures/T_Explosion_SubUV.uasset" 463
"../../../../../../Users/Administrator/Documents/GitHub/towerdefense/Content/MobileStarterContent/Particles/Materials/M_explosion_subUV.uasset" 464
"../../../../../../Users/Administrator/Documents/GitHub/towerdefense/Content/MobileStarterContent/Particles/Materials/m_flare_01.uasset" 465
"../../../../../../Users/Administrator/Documents/GitHub/towerdefense/Content/MobileStarterContent/Particles/Materials/M_radial_ramp.uasset" 466
"../../../../../../Users/Administrator/Documents/GitHub/towerdefense/Content/MobileStarterContent/Particles/P_Explosion.uasset" 467
"../../../../../../Users/Administrator/Documents/GitHub/towerdefense/Content/MobileStarterContent/Particles/P_Smoke.uasset" 468
"../../../../../../Users/Administrator/Documents/GitHub/towerdefense/Content/Tower/TowerDataTable.uasset" 469
"../../../../../../Users/Administrator/Documents/GitHub/towerdefense/Content/Meshes/TB_ArcherTower_Lvl1.uasset" 470
"../../../../../../Users/Administrator/Documents/GitHub/towerdefense/Content/Particles/Mat_Beam.uasset" 471
"../../../../../../Users/Administrator/Documents/GitHub/towerdefense/Content/Particles/P_Beam.uasset" 472
"../../../Engine/Content/Functions/Engine_MaterialFunctions01/Gradient/LinearGradient.uasset" 473
"../../../../../../Users/Administrator/Documents/GitHub/towerdefense/Content/VFX/MAT_Lightning.uasset" 474
"../../../../../../Users/Administrator/Documents/GitHub/towerdefense/Content/VFX/PS_Lightning.uasset" 475
"../../../../../../Users/Administrator/Documents/GitHub/towerdefense/Content/Tower/BP_Tower.uasset" 476
"../../../../../../Users/Administrator/Documents/GitHub/towerdefense/Content/Tower/GreenTranslucent.uasset" 477
"../../../../../../Users/Administrator/Documents/GitHub/towerdefense/Content/Tower/RedTranslucent.uasset" 478
"../../../../../../Users/Administrator/Documents/GitHub/towerdefense/Content/Tower/BP_BuilderTower.uasset" 479
"../../../../../../Users/Administrator/Documents/GitHub/towerdefense/Content/Player/TDPlayerController.uasset" 480
"../../../../../../Users/Administrator/Documents/GitHub/towerdefense/Content/UI/DeathWidget.uasset" 481
"../../../../../../Users/Administrator/Documents/GitHub/towerdefense/Content/UI/OverlayWidget.uasset" 482
"../../../../../../Users/Administrator/Documents/GitHub/towerdefense/Content/UI/SelectedTowerWidget.uasset" 483
"../../../../../../Users/Administrator/Documents/GitHub/towerdefense/Content/IconCreator/BP_and_Textures/Texture_TB_ArcherTower_Lvl2.uasset" 484
"../../../../../../Users/Administrator/Documents/GitHub/towerdefense/Content/IconCreator/BP_and_Textures/Texture_TB_Barracks_Lvl1_TB_Barracks_Lvl1.uasset" 485
"../../../../../../Users/Administrator/Documents/GitHub/towerdefense/Content/IconCreator/BP_and_Textures/Texture_TB_CanonTower_Lvl1_TB_CanonTower_Lvl1.uasset" 486
"../../../../../../Users/Administrator/Documents/GitHub/towerdefense/Content/IconCreator/BP_and_Textures/Texture_TB_MageTower_Lvl1_TB_MageTower_Lvl1.uasset" 487
"../../../../../../Users/Administrator/Documents/GitHub/towerdefense/Content/UI/TowerSelectionWidget.uasset" 488
"../../../../../../Users/Administrator/Documents/GitHub/towerdefense/Content/TDGameMode.uasset" 489
"../../../../../../Users/Administrator/Documents/GitHub/towerdefense/Content/AI/BP_WaveSpawner.uasset" 490
"../../../../../../Users/Administrator/Documents/GitHub/towerdefense/Content/AI/Spawner.uasset" 491
"../../../../../../Users/Administrator/Documents/GitHub/towerdefense/Content/UI/SpawnNextWaveWidget.uasset" 492
"../../../../../../Users/Administrator/Documents/GitHub/towerdefense/Content/Spawners/BP_EnemyWaveSpawner.uasset" 493
"../../../../../../Users/Administrator/Documents/GitHub/towerdefense/Content/AI/BTT_RunnerMoveTo.uasset" 494
"../../../../../../Users/Administrator/Documents/GitHub/towerdefense/Content/AI/RunnerTree.uasset" 495
"../../../../../../Users/Administrator/Documents/GitHub/towerdefense/Content/AI/RunnerController.uasset" 496
"../../../../../../Users/Administrator/Documents/GitHub/towerdefense/Content/AI/BP_Runner.uasset" 497
"../../../../../../Users/Administrator/Documents/GitHub/towerdefense/Content/Meshes/Structures/TB_TowerDefense_EndFlag.uasset" 498
"../../../../../../Users/Administrator/Documents/GitHub/towerdefense/Content/Tower/BP_EndFlag.uasset" 499
"../../../../../../Users/Administrator/Documents/GitHub/towerdefense/Content/AI/BP_EnemyRunner.uasset" 500
"../../../../../../Users/Administrator/Documents/GitHub/towerdefense/Content/Tower/BP_TowerProjectile_2.uasset" 501
"../../../../../../Users/Administrator/Documents/GitHub/towerdefense/Content/Tower/BuildPoint.uasset" 502
"../../Plugins/2D/Paper2D/Content/PlaceholderTextures/DummySpriteTexture.uasset" 503
"../../Plugins/2D/Paper2D/Content/DummySprite.uasset" 504
"../../Plugins/2D/Paper2D/Content/DefaultPaperTerrainMaterial.uasset" 505
"../../Plugins/2D/Paper2D/Content/DefaultSpriteMaterial.uasset" 506
"../../Plugins/2D/Paper2D/Content/MaskedUnlitSpriteMaterial.uasset" 507
"../../Plugins/2D/Paper2D/Content/OpaqueUnlitSpriteMaterial.uasset" 508
"../../Plugins/FX/Niagara/Content/Enums/ENiagaraAnimTrailWidthMode.uasset" 509
"../../Plugins/FX/Niagara/Content/Enums/ENiagaraBoneSamplingMode.uasset" 510
"../../Plugins/FX/Niagara/Content/Enums/ENiagaraBoneSocketSamplingMode.uasset" 511
"../../Plugins/FX/Niagara/Content/Enums/ENiagaraBooleanLogicOps.uasset" 512
"../../Plugins/FX/Niagara/Content/Enums/ENiagaraBooleanLogicOps_v2.uasset" 513
"../../Plugins/FX/Niagara/Content/Enums/ENiagaraCalculateRadiusOptions.uasset" 514
"../../Plugins/FX/Niagara/Content/Enums/ENiagaraChannelCorrelation.uasset" 515
"../../Plugins/FX/Niagara/Content/Enums/ENiagaraCollisionRadiusOptions.uasset" 516
"../../Plugins/FX/Niagara/Content/Enums/ENiagaraCoordinateSpace.uasset" 517
"../../Plugins/FX/Niagara/Content/Enums/ENiagaraCurlNoiseQuality.uasset" 518
"../../Plugins/FX/Niagara/Content/Enums/ENiagaraEmitterLifeCycleMode.uasset" 519
"../../Plugins/FX/Niagara/Content/Enums/ENiagaraEmitterScalabilityMode.uasset" 520
"../../Plugins/FX/Niagara/Content/Enums/ENiagaraEmitterScalabilityMode_Limited.uasset" 521
"../../Plugins/FX/Niagara/Content/Enums/ENiagaraExecutionStateManagement.uasset" 522
"../../Plugins/FX/Niagara/Content/Enums/ENiagaraExpansionMode.uasset" 523
"../../Plugins/FX/Niagara/Content/Enums/ENiagaraFrictionMergeType.uasset" 524
"../../Plugins/FX/Niagara/Content/Enums/ENiagaraGPUDepthResponseType.uasset" 525
"../../Plugins/FX/Niagara/Content/Enums/ENiagaraGridPlacementType.uasset" 526
"../../Plugins/FX/Niagara/Content/Enums/ENiagaraInactiveMode.uasset" 527
"../../Plugins/FX/Niagara/Content/Enums/ENiagaraKillVolumeOptions.uasset" 528
"../../Plugins/FX/Niagara/Content/Enums/ENiagaraLinearColor_Channels.uasset" 529
"../../Plugins/FX/Niagara/Content/Enums/ENiagaraMassByVolume.uasset" 530
"../../Plugins/FX/Niagara/Content/Enums/ENiagaraMassCalculationForRendererTypes.uasset" 531
"../../Plugins/FX/Niagara/Content/Enums/ENiagaraMeshOrSprite.uasset" 532
"../../Plugins/FX/Niagara/Content/Enums/ENiagaraMeshSamplingMode.uasset" 533
"../../Plugins/FX/Niagara/Content/Enums/ENiagaraMeshSurfaceSamplingMode.uasset" 534
"../../Plugins/FX/Niagara/Content/Enums/ENiagaraMeshTransforms.uasset" 535
"../../Plugins/FX/Niagara/Content/Enums/ENiagaraMinOrMax.uasset" 536
"../../Plugins/FX/Niagara/Content/Enums/ENiagaraOrientationAxis.uasset" 537
"../../Plugins/FX/Niagara/Content/Enums/ENiagaraRandomnessMode.uasset" 538
"../../Plugins/FX/Niagara/Content/Enums/ENiagaraRestitutionMergeType.uasset" 539
"../../Plugins/FX/Niagara/Content/Enums/ENiagaraScaleColorMode.uasset" 540
"../../Plugins/FX/Niagara/Content/Enums/ENiagaraSimulationTarget.uasset" 541
"../../Plugins/FX/Niagara/Content/Enums/ENiagaraSkeletalSpawning.uasset" 542
"../../Plugins/FX/Niagara/Content/Enums/ENiagaraSkelSamplingFilteringMode.uasset" 543
"../../Plugins/FX/Niagara/Content/Enums/ENiagaraSkelSamplingModeFull.uasset" 544
"../../Plugins/FX/Niagara/Content/Enums/ENiagaraSocketSamplingMode.uasset" 545
"../../Plugins/FX/Niagara/Content/Enums/ENiagaraSUbUVAnimationMode.uasset" 546
"../../Plugins/FX/Niagara/Content/Enums/ENiagaraSystemInactiveMode.uasset" 547
"../../Plugins/FX/Niagara/Content/Enums/ENiagaraTorusDistributionMode.uasset" 548
"../../Plugins/FX/Niagara/Content/Enums/ENiagaraTorusMode.uasset" 549
"../../Plugins/FX/Niagara/Content/Enums/ENiagaraTriangleSamplingMode.uasset" 550
"../../Plugins/FX/Niagara/Content/Enums/ENiagaraVector2_Channels.uasset" 551
"../../Plugins/FX/Niagara/Content/Enums/ENiagaraVector3_Channels.uasset" 552
"../../Plugins/FX/Niagara/Content/Enums/ENiagaraVector4_Channels.uasset" 553
"../../Plugins/FX/Niagara/Content/Enums/ENiagaraVertexFilteringMode.uasset" 554
"../../Plugins/FX/Niagara/Content/Enums/ENiagaraVertexSamplingMode.uasset" 555
"../../Plugins/FX/Niagara/Content/Enums/ENiagara_CameraMeshOrientation.uasset" 556
"../../Plugins/FX/Niagara/Content/Enums/ENiagara_CameraProperties.uasset" 557
"../../Plugins/FX/Niagara/Content/Enums/ENiagara_CollisionType.uasset" 558
"../../Plugins/FX/Niagara/Content/Enums/ENiagara_CPUCollisionType.uasset" 559
"../../Plugins/FX/Niagara/Content/Enums/ENiagara_EmitterStateOptions.uasset" 560
"../../Plugins/FX/Niagara/Content/Enums/ENiagara_Float4Channel.uasset" 561
"../../Plugins/FX/Niagara/Content/Enums/ENiagara_GPUCollisionType.uasset" 562
"../../Plugins/FX/Niagara/Content/Enums/ENiagara_InfiniteLoopDuration.uasset" 563
"../../Plugins/FX/Niagara/Content/Icons/S_ParticleSystem.uasset" 564
"../../../Engine/Content/Functions/Engine_MaterialFunctions02/Utility/BreakOutFloat4Components.uasset" 565
"../../Plugins/Runtime/Oculus/OculusVR/Content/Materials/OculusMR_ChromaKey.uasset" 566
"../../Plugins/Runtime/Oculus/OculusVR/Content/Materials/OculusMR_ChromaKey_Lit.uasset" 567
"../../Plugins/Runtime/Oculus/OculusVR/Content/Materials/OculusMR_OpaqueColoredMaterial.uasset" 568
"../../Plugins/Runtime/Oculus/OculusVR/Content/Materials/OculusMR_WhiteMaterial.uasset" 569
"../../../Engine/Content/Maps/Entry_BuiltData.uasset" 570
"../../../Engine/Content/Maps/Entry.umap" 571
"../../../../../../Users/Administrator/Documents/GitHub/towerdefense/Content/TopDownBP/Maps/TopDownExampleMap_BuiltData.uasset" 572
"../../../Engine/Content/BasicShapes/BasicShapeMaterial.uasset" 573
"../../../Engine/Content/BasicShapes/Plane.uasset" 574
"../../../../../../Users/Administrator/Documents/GitHub/towerdefense/Content/Textures/Environment.uasset" 575
"../../../../../../Users/Administrator/Documents/GitHub/towerdefense/Content/Meshes/Environment/Environment.uasset" 576
"../../../../../../Users/Administrator/Documents/GitHub/towerdefense/Content/Meshes/Environment/TB_Env_Box.uasset" 577
"../../../../../../Users/Administrator/Documents/GitHub/towerdefense/Content/Meshes/Environment/TB_Env_GrassB.uasset" 578
"../../../../../../Users/Administrator/Documents/GitHub/towerdefense/Content/Meshes/Environment/TB_Env_GrassC.uasset" 579
"../../../../../../Users/Administrator/Documents/GitHub/towerdefense/Content/Meshes/Environment/TB_Env_GroundA.uasset" 580
"../../../../../../Users/Administrator/Documents/GitHub/towerdefense/Content/Meshes/Environment/TB_Env_GroundCA_plain.uasset" 581
"../../../../../../Users/Administrator/Documents/GitHub/towerdefense/Content/Meshes/Environment/TB_Env_GroundDA.uasset" 582
"../../../../../../Users/Administrator/Documents/GitHub/towerdefense/Content/Meshes/Environment/TB_Env_GroundDC.uasset" 583
"../../../../../../Users/Administrator/Documents/GitHub/towerdefense/Content/Meshes/Environment/TB_Env_GroundDC_plain.uasset" 584
"../../../../../../Users/Administrator/Documents/GitHub/towerdefense/Content/Meshes/Environment/TB_Env_Mound_A.uasset" 585
"../../../../../../Users/Administrator/Documents/GitHub/towerdefense/Content/Meshes/Environment/TB_Env_Mound_D.uasset" 586
"../../../../../../Users/Administrator/Documents/GitHub/towerdefense/Content/Meshes/Environment/TB_Env_Mound_E.uasset" 587
"../../../../../../Users/Administrator/Documents/GitHub/towerdefense/Content/Meshes/Environment/TB_Env_River_F.uasset" 588
"../../../../../../Users/Administrator/Documents/GitHub/towerdefense/Content/Meshes/Environment/TB_Env_River_G.uasset" 589
"../../../../../../Users/Administrator/Documents/GitHub/towerdefense/Content/Meshes/Environment/TB_Env_RockA.uasset" 590
"../../../../../../Users/Administrator/Documents/GitHub/towerdefense/Content/Meshes/Environment/TB_Env_RockC.uasset" 591
"../../../../../../Users/Administrator/Documents/GitHub/towerdefense/Content/Meshes/Environment/TB_Env_RockE.uasset" 592
"../../../../../../Users/Administrator/Documents/GitHub/towerdefense/Content/Meshes/Environment/TB_Env_RockF.uasset" 593
"../../../../../../Users/Administrator/Documents/GitHub/towerdefense/Content/Meshes/Environment/TB_Env_RockG.uasset" 594
"../../../../../../Users/Administrator/Documents/GitHub/towerdefense/Content/Meshes/Environment/TB_Env_RockH.uasset" 595
"../../../../../../Users/Administrator/Documents/GitHub/towerdefense/Content/Meshes/Environment/TB_Env_RockI.uasset" 596
"../../../../../../Users/Administrator/Documents/GitHub/towerdefense/Content/Meshes/Environment/TB_Env_Tree_A_Large.uasset" 597
"../../../../../../Users/Administrator/Documents/GitHub/towerdefense/Content/Meshes/Environment/TB_Env_Tree_B_Med.uasset" 598
"../../../../../../Users/Administrator/Documents/GitHub/towerdefense/Content/Meshes/Environment/TB_Env_Tree_C_Med.uasset" 599
"../../../../../../Users/Administrator/Documents/GitHub/towerdefense/Content/Meshes/Environment/TB_Env_TreeTB_A.uasset" 600
"../../../../../../Users/Administrator/Documents/GitHub/towerdefense/Content/Meshes/Environment/TB_Env_TreeTB_A_Med.uasset" 601
"../../../../../../Users/Administrator/Documents/GitHub/towerdefense/Content/Meshes/Structures/TB_Str_Bridge_TB_Str_Bridge.uasset" 602
"../../../../../../Users/Administrator/Documents/GitHub/towerdefense/Content/Meshes/Structures/TB_Str_GateSet_TB_Str_Gate.uasset" 603
"../../../../../../Users/Administrator/Documents/GitHub/towerdefense/Content/Meshes/Structures/TB_Str_GateSet_TB_Str_GateWall.uasset" 604
"../../../../../../Users/Administrator/Documents/GitHub/towerdefense/Content/Meshes/Structures/TB_Str_Wall_TB_Str_Wall.uasset" 605
"../../../../../../Users/Administrator/Documents/GitHub/towerdefense/Content/TopDownBP/Maps/TopDownExampleMap.umap" 606
